# JRE version: OpenJDK Runtime Environment (17.0.7) (build 17.0.7+0-b2043.56-10550314)
# Java VM: OpenJDK 64-Bit Server VM (17.0.7+0-b2043.56-10550314, mixed mode, tiered, compressed oops, compressed class ptrs, g1 gc, windows-amd64)
GC Precious Log:
 CPUs: 4 total, 4 available
 Memory: 16282M
 Large Page Support: Disabled
 NUMA Support: Disabled
 Compressed Oops: Enabled (32-bit)
 Heap Region Size: 1M
 Heap Min Capacity: 8M
 Heap Initial Capacity: 256M
 Heap Max Capacity: 2G
 Pre-touch: Disabled
 Parallel Workers: 4
 Concurrent Workers: 1
 Concurrent Refinement Workers: 4
 Periodic GC: Disabled
Heap:
 garbage-first heap   total 384000K, used 194694K [0x0000000080000000, 0x0000000100000000)
  region size 1024K, 6 young (6144K), 6 survivors (6144K)
 Metaspace       used 156462K, committed 157824K, reserved 1245184K
  class space    used 21184K, committed 21824K, reserved 1048576K
GC Heap History (20 events):
Event: 521.241 GC heap after
{Heap after GC invocations=70 (full 0):
 garbage-first heap   total 365568K, used 189756K [0x0000000080000000, 0x0000000100000000)
  region size 1024K, 2 young (2048K), 2 survivors (2048K)
 Metaspace       used 154676K, committed 155840K, reserved 1245184K
  class space    used 21018K, committed 21568K, reserved 1048576K
}
Event: 554.285 GC heap before
{Heap before GC invocations=70 (full 0):
 garbage-first heap   total 365568K, used 299324K [0x0000000080000000, 0x0000000100000000)
  region size 1024K, 109 young (111616K), 2 survivors (2048K)
 Metaspace       used 154865K, committed 156032K, reserved 1245184K
  class space    used 21027K, committed 21568K, reserved 1048576K
}
Event: 554.296 GC heap after
{Heap after GC invocations=71 (full 0):
 garbage-first heap   total 365568K, used 194371K [0x0000000080000000, 0x0000000100000000)
  region size 1024K, 6 young (6144K), 6 survivors (6144K)
 Metaspace       used 154865K, committed 156032K, reserved 1245184K
  class space    used 21027K, committed 21568K, reserved 1048576K
}
Event: 557.646 GC heap before
{Heap before GC invocations=72 (full 0):
 garbage-first heap   total 365568K, used 302915K [0x0000000080000000, 0x0000000100000000)
  region size 1024K, 112 young (114688K), 6 survivors (6144K)
 Metaspace       used 155442K, committed 156736K, reserved 1245184K
  class space    used 21099K, committed 21696K, reserved 1048576K
}
Event: 557.681 GC heap after
{Heap after GC invocations=73 (full 0):
 garbage-first heap   total 365568K, used 205803K [0x0000000080000000, 0x0000000100000000)
  region size 1024K, 14 young (14336K), 14 survivors (14336K)
 Metaspace       used 155442K, committed 156736K, reserved 1245184K
  class space    used 21099K, committed 21696K, reserved 1048576K
}
Event: 557.689 GC heap before
{Heap before GC invocations=73 (full 0):
 garbage-first heap   total 365568K, used 207851K [0x0000000080000000, 0x0000000100000000)
  region size 1024K, 17 young (17408K), 14 survivors (14336K)
 Metaspace       used 155443K, committed 156736K, reserved 1245184K
  class space    used 21099K, committed 21696K, reserved 1048576K
}
Event: 557.719 GC heap after
{Heap after GC invocations=74 (full 0):
 garbage-first heap   total 365568K, used 204159K [0x0000000080000000, 0x0000000100000000)
  region size 1024K, 2 young (2048K), 2 survivors (2048K)
 Metaspace       used 155443K, committed 156736K, reserved 1245184K
  class space    used 21099K, committed 21696K, reserved 1048576K
}
Event: 562.718 GC heap before
{Heap before GC invocations=74 (full 0):
 garbage-first heap   total 365568K, used 302463K [0x0000000080000000, 0x0000000100000000)
  region size 1024K, 98 young (100352K), 2 survivors (2048K)
 Metaspace       used 155687K, committed 157120K, reserved 1245184K
  class space    used 21158K, committed 21824K, reserved 1048576K
}
Event: 562.724 GC heap after
{Heap after GC invocations=75 (full 0):
 garbage-first heap   total 365568K, used 205101K [0x0000000080000000, 0x0000000100000000)
  region size 1024K, 3 young (3072K), 3 survivors (3072K)
 Metaspace       used 155687K, committed 157120K, reserved 1245184K
  class space    used 21158K, committed 21824K, reserved 1048576K
}
Event: 606.478 GC heap before
{Heap before GC invocations=76 (full 0):
 garbage-first heap   total 365568K, used 305453K [0x0000000080000000, 0x0000000100000000)
  region size 1024K, 101 young (103424K), 3 survivors (3072K)
 Metaspace       used 155759K, committed 157184K, reserved 1245184K
  class space    used 21160K, committed 21824K, reserved 1048576K
}
Event: 606.489 GC heap after
{Heap after GC invocations=77 (full 0):
 garbage-first heap   total 365568K, used 208016K [0x0000000080000000, 0x0000000100000000)
  region size 1024K, 6 young (6144K), 6 survivors (6144K)
 Metaspace       used 155759K, committed 157184K, reserved 1245184K
  class space    used 21160K, committed 21824K, reserved 1048576K
}
Event: 606.760 GC heap before
{Heap before GC invocations=77 (full 0):
 garbage-first heap   total 365568K, used 218256K [0x0000000080000000, 0x0000000100000000)
  region size 1024K, 17 young (17408K), 6 survivors (6144K)
 Metaspace       used 155763K, committed 157184K, reserved 1245184K
  class space    used 21161K, committed 21824K, reserved 1048576K
}
Event: 606.779 GC heap after
{Heap after GC invocations=78 (full 0):
 garbage-first heap   total 365568K, used 192144K [0x0000000080000000, 0x0000000100000000)
  region size 1024K, 2 young (2048K), 2 survivors (2048K)
 Metaspace       used 155763K, committed 157184K, reserved 1245184K
  class space    used 21161K, committed 21824K, reserved 1048576K
}
Event: 608.628 GC heap before
{Heap before GC invocations=78 (full 0):
 garbage-first heap   total 365568K, used 302736K [0x0000000080000000, 0x0000000100000000)
  region size 1024K, 111 young (113664K), 2 survivors (2048K)
 Metaspace       used 155955K, committed 157376K, reserved 1245184K
  class space    used 21162K, committed 21824K, reserved 1048576K
}
Event: 608.650 GC heap after
{Heap after GC invocations=79 (full 0):
 garbage-first heap   total 365568K, used 204158K [0x0000000080000000, 0x0000000100000000)
  region size 1024K, 14 young (14336K), 14 survivors (14336K)
 Metaspace       used 155955K, committed 157376K, reserved 1245184K
  class space    used 21162K, committed 21824K, reserved 1048576K
}
Event: 612.337 GC heap before
{Heap before GC invocations=80 (full 0):
 garbage-first heap   total 384000K, used 305534K [0x0000000080000000, 0x0000000100000000)
  region size 1024K, 110 young (112640K), 14 survivors (14336K)
 Metaspace       used 156193K, committed 157632K, reserved 1245184K
  class space    used 21164K, committed 21824K, reserved 1048576K
}
Event: 612.365 GC heap after
{Heap after GC invocations=81 (full 0):
 garbage-first heap   total 384000K, used 208505K [0x0000000080000000, 0x0000000100000000)
  region size 1024K, 5 young (5120K), 5 survivors (5120K)
 Metaspace       used 156193K, committed 157632K, reserved 1245184K
  class space    used 21164K, committed 21824K, reserved 1048576K
}
Event: 612.436 GC heap before
{Heap before GC invocations=81 (full 0):
 garbage-first heap   total 384000K, used 221817K [0x0000000080000000, 0x0000000100000000)
  region size 1024K, 18 young (18432K), 5 survivors (5120K)
 Metaspace       used 156193K, committed 157632K, reserved 1245184K
  class space    used 21164K, committed 21824K, reserved 1048576K
}
Event: 612.454 GC heap after
{Heap after GC invocations=82 (full 0):
 garbage-first heap   total 384000K, used 190293K [0x0000000080000000, 0x0000000100000000)
  region size 1024K, 1 young (1024K), 1 survivors (1024K)
 Metaspace       used 156193K, committed 157632K, reserved 1245184K
  class space    used 21164K, committed 21824K, reserved 1048576K
}
Event: 876.969 GC heap before
{Heap before GC invocations=82 (full 0):
 garbage-first heap   total 384000K, used 317269K [0x0000000080000000, 0x0000000100000000)
  region size 1024K, 125 young (128000K), 1 survivors (1024K)
 Metaspace       used 156462K, committed 157824K, reserved 1245184K
  class space    used 21184K, committed 21824K, reserved 1048576K
}

