# JRE version: OpenJDK Runtime Environment (17.0.7) (build 17.0.7+0-b2043.56-10550314)
# Java VM: OpenJDK 64-Bit Server VM (17.0.7+0-b2043.56-10550314, mixed mode, tiered, compressed oops, compressed class ptrs, g1 gc, windows-amd64)
GC Precious Log:
 CPUs: 4 total, 4 available
 Memory: 16282M
 Large Page Support: Disabled
 NUMA Support: Disabled
 Compressed Oops: Enabled (32-bit)
 Heap Region Size: 1M
 Heap Min Capacity: 8M
 Heap Initial Capacity: 256M
 Heap Max Capacity: 2G
 Pre-touch: Disabled
 Parallel Workers: 4
 Concurrent Workers: 1
 Concurrent Refinement Workers: 4
 Periodic GC: Disabled
Heap:
 garbage-first heap   total 391168K, used 315303K [0x0000000080000000, 0x0000000100000000)
  region size 1024K, 43 young (44032K), 9 survivors (9216K)
 Metaspace       used 160420K, committed 161408K, reserved 1245184K
  class space    used 21281K, committed 21760K, reserved 1048576K
GC Heap History (20 events):
Event: 219.607 GC heap before
{Heap before GC invocations=67 (full 0):
 garbage-first heap   total 284672K, used 245929K [0x0000000080000000, 0x0000000100000000)
  region size 1024K, 18 young (18432K), 3 survivors (3072K)
 Metaspace       used 154878K, committed 155840K, reserved 1245184K
  class space    used 20862K, committed 21312K, reserved 1048576K
}
Event: 219.616 GC heap after
{Heap after GC invocations=68 (full 0):
 garbage-first heap   total 284672K, used 232314K [0x0000000080000000, 0x0000000100000000)
  region size 1024K, 3 young (3072K), 3 survivors (3072K)
 Metaspace       used 154878K, committed 155840K, reserved 1245184K
  class space    used 20862K, committed 21312K, reserved 1048576K
}
Event: 232.872 GC heap before
{Heap before GC invocations=68 (full 0):
 garbage-first heap   total 284672K, used 245626K [0x0000000080000000, 0x0000000100000000)
  region size 1024K, 17 young (17408K), 3 survivors (3072K)
 Metaspace       used 155386K, committed 156352K, reserved 1245184K
  class space    used 20922K, committed 21376K, reserved 1048576K
}
Event: 232.881 GC heap after
{Heap after GC invocations=69 (full 0):
 garbage-first heap   total 284672K, used 233986K [0x0000000080000000, 0x0000000100000000)
  region size 1024K, 2 young (2048K), 2 survivors (2048K)
 Metaspace       used 155386K, committed 156352K, reserved 1245184K
  class space    used 20922K, committed 21376K, reserved 1048576K
}
Event: 233.024 GC heap before
{Heap before GC invocations=69 (full 0):
 garbage-first heap   total 284672K, used 248322K [0x0000000080000000, 0x0000000100000000)
  region size 1024K, 16 young (16384K), 2 survivors (2048K)
 Metaspace       used 155423K, committed 156416K, reserved 1245184K
  class space    used 20926K, committed 21376K, reserved 1048576K
}
Event: 233.037 GC heap after
{Heap after GC invocations=70 (full 0):
 garbage-first heap   total 284672K, used 238270K [0x0000000080000000, 0x0000000100000000)
  region size 1024K, 2 young (2048K), 2 survivors (2048K)
 Metaspace       used 155423K, committed 156416K, reserved 1245184K
  class space    used 20926K, committed 21376K, reserved 1048576K
}
Event: 233.190 GC heap before
{Heap before GC invocations=70 (full 0):
 garbage-first heap   total 284672K, used 249534K [0x0000000080000000, 0x0000000100000000)
  region size 1024K, 13 young (13312K), 2 survivors (2048K)
 Metaspace       used 155456K, committed 156416K, reserved 1245184K
  class space    used 20926K, committed 21376K, reserved 1048576K
}
Event: 233.207 GC heap after
{Heap after GC invocations=71 (full 0):
 garbage-first heap   total 391168K, used 240465K [0x0000000080000000, 0x0000000100000000)
  region size 1024K, 2 young (2048K), 2 survivors (2048K)
 Metaspace       used 155456K, committed 156416K, reserved 1245184K
  class space    used 20926K, committed 21376K, reserved 1048576K
}
Event: 234.231 GC heap before
{Heap before GC invocations=71 (full 0):
 garbage-first heap   total 391168K, used 315217K [0x0000000080000000, 0x0000000100000000)
  region size 1024K, 76 young (77824K), 2 survivors (2048K)
 Metaspace       used 156582K, committed 157568K, reserved 1245184K
  class space    used 21029K, committed 21504K, reserved 1048576K
}
Event: 234.240 GC heap after
{Heap after GC invocations=72 (full 0):
 garbage-first heap   total 391168K, used 243310K [0x0000000080000000, 0x0000000100000000)
  region size 1024K, 5 young (5120K), 5 survivors (5120K)
 Metaspace       used 156582K, committed 157568K, reserved 1245184K
  class space    used 21029K, committed 21504K, reserved 1048576K
}
Event: 234.574 GC heap before
{Heap before GC invocations=72 (full 0):
 garbage-first heap   total 391168K, used 320110K [0x0000000080000000, 0x0000000100000000)
  region size 1024K, 80 young (81920K), 5 survivors (5120K)
 Metaspace       used 156673K, committed 157696K, reserved 1245184K
  class space    used 21030K, committed 21504K, reserved 1048576K
}
Event: 234.584 GC heap after
{Heap after GC invocations=73 (full 0):
 garbage-first heap   total 391168K, used 245585K [0x0000000080000000, 0x0000000100000000)
  region size 1024K, 7 young (7168K), 7 survivors (7168K)
 Metaspace       used 156673K, committed 157696K, reserved 1245184K
  class space    used 21030K, committed 21504K, reserved 1048576K
}
Event: 317.975 GC heap before
{Heap before GC invocations=73 (full 0):
 garbage-first heap   total 391168K, used 323409K [0x0000000080000000, 0x0000000100000000)
  region size 1024K, 84 young (86016K), 7 survivors (7168K)
 Metaspace       used 157053K, committed 158144K, reserved 1245184K
  class space    used 21052K, committed 21568K, reserved 1048576K
}
Event: 317.986 GC heap after
{Heap after GC invocations=74 (full 0):
 garbage-first heap   total 391168K, used 243447K [0x0000000080000000, 0x0000000100000000)
  region size 1024K, 3 young (3072K), 3 survivors (3072K)
 Metaspace       used 157053K, committed 158144K, reserved 1245184K
  class space    used 21052K, committed 21568K, reserved 1048576K
}
Event: 319.335 GC heap before
{Heap before GC invocations=74 (full 0):
 garbage-first heap   total 391168K, used 326391K [0x0000000080000000, 0x0000000100000000)
  region size 1024K, 85 young (87040K), 3 survivors (3072K)
 Metaspace       used 158473K, committed 159552K, reserved 1245184K
  class space    used 21223K, committed 21696K, reserved 1048576K
}
Event: 319.359 GC heap after
{Heap after GC invocations=75 (full 0):
 garbage-first heap   total 391168K, used 252575K [0x0000000080000000, 0x0000000100000000)
  region size 1024K, 11 young (11264K), 11 survivors (11264K)
 Metaspace       used 158473K, committed 159552K, reserved 1245184K
  class space    used 21223K, committed 21696K, reserved 1048576K
}
Event: 320.334 GC heap before
{Heap before GC invocations=75 (full 0):
 garbage-first heap   total 391168K, used 333471K [0x0000000080000000, 0x0000000100000000)
  region size 1024K, 85 young (87040K), 11 survivors (11264K)
 Metaspace       used 158798K, committed 159872K, reserved 1245184K
  class space    used 21261K, committed 21760K, reserved 1048576K
}
Event: 320.370 GC heap after
{Heap after GC invocations=76 (full 0):
 garbage-first heap   total 391168K, used 267336K [0x0000000080000000, 0x0000000100000000)
  region size 1024K, 11 young (11264K), 11 survivors (11264K)
 Metaspace       used 158798K, committed 159872K, reserved 1245184K
  class space    used 21261K, committed 21760K, reserved 1048576K
}
Event: 321.265 GC heap before
{Heap before GC invocations=76 (full 0):
 garbage-first heap   total 391168K, used 326728K [0x0000000080000000, 0x0000000100000000)
  region size 1024K, 70 young (71680K), 11 survivors (11264K)
 Metaspace       used 159363K, committed 160384K, reserved 1245184K
  class space    used 21276K, committed 21760K, reserved 1048576K
}
Event: 321.299 GC heap after
{Heap after GC invocations=77 (full 0):
 garbage-first heap   total 391168K, used 281511K [0x0000000080000000, 0x0000000100000000)
  region size 1024K, 9 young (9216K), 9 survivors (9216K)
 Metaspace       used 159363K, committed 160384K, reserved 1245184K
  class space    used 21276K, committed 21760K, reserved 1048576K
}

